[2025-09-30 12:45:51] Email SENT to nageb96414@gmail.com - 
[2025-09-30 12:46:45] Email SENT to nageb96414@gmail.com - 
[2025-09-30 12:46:49] Email SENT to nageb96414@gmail.com - 
[2025-09-30 12:54:12] Email SENT to nageb96414@gmail.com - 
[2025-09-30 12:54:24] Email SENT to nageb96414@gmail.com - 
[2025-09-30 12:55:09] Email SENT to nageb96414@gmail.com - 
[2025-09-30 12:55:13] Email SENT to nageb96414@gmail.com - 
[2025-09-30 13:00:11] Email SENT to nageb96414@gmail.com - 
[2025-09-30 13:02:48] Email SENT to nageb96414@gmail.com - 
[2025-09-30 13:05:46] Email SENT to nageb96414@gmail.com - 
[2025-09-30 13:07:35] Email SENT to nageb96414@gmail.com - 
[2025-09-30 13:07:58] Email SENT to nageb96414@gmail.com - 
[2025-09-30 13:09:11] Email SENT to nageb96414@gmail.com - 
[2025-09-30 13:09:14] Email SENT to nageb96414@gmail.com - 
[2025-09-30 13:09:18] Email SENT to nageb96414@gmail.com - 
[2025-09-30 13:10:08] Email SENT to nageb96414@gmail.com - 
[2025-09-30 13:10:20] Email SENT to nageb96414@gmail.com - 
[2025-09-30 13:15:38] Email SENT to nageb96414@gmail.com - 
[2025-09-30 13:15:42] Email SENT to nageb96414@gmail.com - 
[2025-09-30 13:15:46] Email SENT to nageb96414@gmail.com - 
[2025-09-30 13:16:46] Email SENT to nageb96414@gmail.com - 
[2025-09-30 13:16:56] Email SENT to nageb96414@gmail.com - 
[2025-09-30 13:17:05] Email SENT to nageb96414@gmail.com - 
[2025-09-30 13:26:33] Email SENT to nageb96414@gmail.com - 
[2025-09-30 13:27:22] Email SENT to nageb96414@gmail.com - 
[2025-09-30 13:28:50] Email SENT to nageb96414@gmail.com - 
[2025-09-30 13:46:50] Email SENT to nageb96414@gmail.com - 
[2025-09-30 14:48:18] Email SENT to nageb964744@gmail.com - 
[2025-09-30 14:49:17] Email SENT to nageb964744@gmail.com - 
[2025-09-30 14:49:21] Email SENT to nageb964744@gmail.com - 
[2025-09-30 14:49:59] Email SENT to nageb964744@gmail.com - 
[2025-09-30 14:50:41] Email SENT to nageb964744@gmail.com - 
[2025-10-08 04:04:27] Email SENT to jennelyn.terre@redcross.org.ph - 
[2025-10-08 04:04:56] Email SENT to jennelyn.terre@redcross.org.ph - 
[2025-10-08 04:05:02] Email SENT to jennelyn.terre@redcross.org.ph - 
[2025-10-08 04:06:53] Email SENT to jennelyn.terre@redcross.org.ph - 
[2025-10-08 04:07:14] Email SENT to jennelyn.terre@redcross.org.ph - 
[2025-10-08 04:08:54] Email SENT to jennelyn.terre@redcross.org.ph - 
[2025-10-08 04:09:00] Email SENT to jennelyn.terre@redcross.org.ph - 
[2025-10-09 16:33:09] Email SENT to najib4793y@gmail.com - 
[2025-10-09 16:33:12] Email SENT to admin@example.com - 
[2025-10-09 16:43:16] Email SENT to najib4793y@gmail.com - 
[2025-10-09 16:43:50] Email SENT to najib4793y@gmail.com - 
[2025-10-09 16:43:54] Email SENT to najib4793y@gmail.com - 
[2025-10-09 16:53:19] Email SENT to nageb964744@gmail.com - 
[2025-10-09 16:53:29] Email SENT to nageb964744@gmail.com - 
[2025-10-09 16:53:33] Email SENT to nageb964744@gmail.com - 
[2025-10-09 16:56:12] Email SENT to nageb964744@gmail.com - 
[2025-10-09 16:56:22] Email SENT to najib4793y@gmail.com - 
[2025-10-09 16:56:25] Email SENT to najib4793y@gmail.com - 
[2025-10-09 19:04:59] Email SENT to prc.baguio.blood@gmail.com - 
[2025-10-10 05:18:49] Email SENT to prc.baguio.blood@gmail.com - 
[2025-10-10 14:31:15] Email SENT to najib4793y@gmail.com - 
[2025-10-13 03:20:14] Email SENT to nageb96414@gmail.com - 
[2025-10-13 03:21:46] Email SENT to nageb96414@gmail.com - 
[2025-10-13 03:21:50] Email SENT to nageb96414@gmail.com - 
[2025-10-13 03:24:30] Email SENT to nageb96414@gmail.com - 
[2025-10-13 03:24:34] Email SENT to nageb96414@gmail.com - 
[2025-10-13 03:26:28] Email SENT to nageb96414@gmail.com - 
[2025-10-13 03:43:19] Email SENT to bloodservices.redcrossbaguio@gmail.com - 
[2025-10-13 03:43:58] Email SENT to bloodservices.redcrossbaguio@gmail.com - 
[2025-10-13 03:44:02] Email SENT to bloodservices.redcrossbaguio@gmail.com - 
[2025-10-13 03:45:00] Email SENT to bloodservices.redcrossbaguio@gmail.com - 
